-----Constructor of fingertable
DUMMY was 0x0
Node constructed
Number of keys at node 5 - init - 0-----
-----Constructor of fingertable
DUMMY was 0x0
Node constructed
Number of keys at node 63 - init - 0-----
-----Constructor of fingertable
DUMMY was 0x0
Node constructed
Number of keys at node 120 - init - 0-----
-----Constructor of fingertable
DUMMY was 0x0
Node constructed
Number of keys at node 41 - init - 0-----
-----Constructor of fingertable
DUMMY was 0x0
Node constructed
Number of keys at node 83 - init - 0-----
-----Constructor of fingertable
DUMMY was 0x0
Node constructed
Number of keys at node 253 - init - 0-----
-----Constructor of fingertable
DUMMY was 0x0
Node constructed
Number of keys at node 154 - init - 0-----
xxxxxxxxxxxxxxxxxxxxxxxxxxxxxxxxxxxxxxxxxxxxTEST1xxxxxxxxxjoinxxxxxxxxxxxxxxxxxx
DEBUG init of first node of network 5
Finger table print of 5
Address:0x7ffee2c380a0	successor value:5
Address:0x7ffee2c380a0	successor value:5
Address:0x7ffee2c380a0	successor value:5
Address:0x7ffee2c380a0	successor value:5
Address:0x7ffee2c380a0	successor value:5
Address:0x7ffee2c380a0	successor value:5
Address:0x7ffee2c380a0	successor value:5
Address:0x7ffee2c380a0	successor value:5

xxxxxxxxxxxxxxxxxxxxxxxxxxxxxTEST2xxxxxxxxxinsertxxxxxxxxxxxxxxxxxxxxxxxxxxxxxxx
remoteRecursiveLookupDEBUG: pred id key 5 5 3
(Key, value)=(3,3) inserted at Node id = 5
xxxxxxxxxxxxxxxxxxxxxxxxxxxxxTEST3xxxxxxxxxinsertxxxxxxxxxxxxxxxxxxxxxxxxxxxxxxx
remoteRecursiveLookupDEBUG: pred id key 5 5 5
(Key, value)=(5,5) inserted at Node id = 5
xxxxxxxxxxxxxxxxxxxxxxxxxxxxxTEST4xxxxxxxxxfindxxxxxxxxxxxxxxxxxxxxxxxxxxxxxxxxx
Search request for key=5
remoteRecursiveLookupDEBUG: pred id key 5 5 5
accessKeyRPC DEBUG: key5 found at 5
element found
xxxxxxxxxxxxxxxxxxxxxxxxxxxxxTEST5xxxxxxxxxinsertxxxxxxxxxxxxxxxxxxxxxxxxxxxxxxx
remoteRecursiveLookupDEBUG: pred id key 5 5 71
(Key, value)=(71,71) inserted at Node id = 5
xxxxxxxxxxxxxxxxxxxxxxxxxxxxxTEST6xxxxxxxxxjoinxxxxxxxxxxxxxxxxxxxxxxxxxxxxxxxxx
remoteRecursiveLookupDEBUG: pred id key 5 5 63
DEBUGinit of subsequent node of network 63
remoteRecursiveLookupDEBUG: pred id key 5 5 64
returned successor 5
initNodeFingertable normalized succid 260
reusing prev ith value for 1
reusing prev ith value for 2
reusing prev ith value for 3
reusing prev ith value for 4
reusing prev ith value for 5
reusing prev ith value for 6
reusing prev ith value for 7
Updated pred_id to 5
Updated 5 predid to 63
Finger table print of 63
Address:0x7ffee2c380a0	successor value:5
Address:0x7ffee2c380a0	successor value:5
Address:0x7ffee2c380a0	successor value:5
Address:0x7ffee2c380a0	successor value:5
Address:0x7ffee2c380a0	successor value:5
Address:0x7ffee2c380a0	successor value:5
Address:0x7ffee2c380a0	successor value:5
Address:0x7ffee2c380a0	successor value:5

---------------UPDATE STARTED -----------------
remoteRecursiveLookupDEBUG: pred id key 5 63 62
1found in this node 63
updateNodeFingerTable for 0 succ found is 63id_ - ( 1 << (i) 62
updateThisNodesFingerTable DEBUG:0 5 63 5
~~~~~~~~~~~~~normindex
~~~~~~~~~~~~~update~~~~~~~~
Finger table print of 5
Address:0x7ffee2c38058	successor value:63
Address:0x7ffee2c380a0	successor value:5
Address:0x7ffee2c380a0	successor value:5
Address:0x7ffee2c380a0	successor value:5
Address:0x7ffee2c380a0	successor value:5
Address:0x7ffee2c380a0	successor value:5
Address:0x7ffee2c380a0	successor value:5
Address:0x7ffee2c380a0	successor value:5

~~~~~~~~~~~~~/update~~~~~~~~
updateThisNodesFingerTable DEBUG:0 63 63 5
using 255 boundary logic
~~~~~~~~~~~~~normindex
remoteRecursiveLookupDEBUG: pred id key 5 63 61
1found in this node 63
updateNodeFingerTable for 1 succ found is 63id_ - ( 1 << (i) 61
updateThisNodesFingerTable DEBUG:1 5 63 5
~~~~~~~~~~~~~normindex
~~~~~~~~~~~~~update~~~~~~~~
Finger table print of 5
Address:0x7ffee2c38058	successor value:63
Address:0x7ffee2c38058	successor value:63
Address:0x7ffee2c380a0	successor value:5
Address:0x7ffee2c380a0	successor value:5
Address:0x7ffee2c380a0	successor value:5
Address:0x7ffee2c380a0	successor value:5
Address:0x7ffee2c380a0	successor value:5
Address:0x7ffee2c380a0	successor value:5

~~~~~~~~~~~~~/update~~~~~~~~
updateThisNodesFingerTable DEBUG:1 63 63 5
using 255 boundary logic
~~~~~~~~~~~~~normindex
remoteRecursiveLookupDEBUG: pred id key 5 63 59
1found in this node 63
updateNodeFingerTable for 2 succ found is 63id_ - ( 1 << (i) 59
updateThisNodesFingerTable DEBUG:2 5 63 5
~~~~~~~~~~~~~normindex
~~~~~~~~~~~~~update~~~~~~~~
Finger table print of 5
Address:0x7ffee2c38058	successor value:63
Address:0x7ffee2c38058	successor value:63
Address:0x7ffee2c38058	successor value:63
Address:0x7ffee2c380a0	successor value:5
Address:0x7ffee2c380a0	successor value:5
Address:0x7ffee2c380a0	successor value:5
Address:0x7ffee2c380a0	successor value:5
Address:0x7ffee2c380a0	successor value:5

~~~~~~~~~~~~~/update~~~~~~~~
updateThisNodesFingerTable DEBUG:2 63 63 5
using 255 boundary logic
~~~~~~~~~~~~~normindex
remoteRecursiveLookupDEBUG: pred id key 5 63 55
1found in this node 63
updateNodeFingerTable for 3 succ found is 63id_ - ( 1 << (i) 55
updateThisNodesFingerTable DEBUG:3 5 63 5
~~~~~~~~~~~~~normindex
~~~~~~~~~~~~~update~~~~~~~~
Finger table print of 5
Address:0x7ffee2c38058	successor value:63
Address:0x7ffee2c38058	successor value:63
Address:0x7ffee2c38058	successor value:63
Address:0x7ffee2c38058	successor value:63
Address:0x7ffee2c380a0	successor value:5
Address:0x7ffee2c380a0	successor value:5
Address:0x7ffee2c380a0	successor value:5
Address:0x7ffee2c380a0	successor value:5

~~~~~~~~~~~~~/update~~~~~~~~
updateThisNodesFingerTable DEBUG:3 63 63 5
using 255 boundary logic
~~~~~~~~~~~~~normindex
remoteRecursiveLookupDEBUG: pred id key 5 63 47
1found in this node 63
updateNodeFingerTable for 4 succ found is 63id_ - ( 1 << (i) 47
updateThisNodesFingerTable DEBUG:4 5 63 5
~~~~~~~~~~~~~normindex
~~~~~~~~~~~~~update~~~~~~~~
Finger table print of 5
Address:0x7ffee2c38058	successor value:63
Address:0x7ffee2c38058	successor value:63
Address:0x7ffee2c38058	successor value:63
Address:0x7ffee2c38058	successor value:63
Address:0x7ffee2c38058	successor value:63
Address:0x7ffee2c380a0	successor value:5
Address:0x7ffee2c380a0	successor value:5
Address:0x7ffee2c380a0	successor value:5

~~~~~~~~~~~~~/update~~~~~~~~
updateThisNodesFingerTable DEBUG:4 63 63 5
using 255 boundary logic
~~~~~~~~~~~~~normindex
remoteRecursiveLookupDEBUG: pred id key 5 63 31
1found in this node 63
updateNodeFingerTable for 5 succ found is 63id_ - ( 1 << (i) 31
updateThisNodesFingerTable DEBUG:5 5 63 5
~~~~~~~~~~~~~normindex
~~~~~~~~~~~~~update~~~~~~~~
Finger table print of 5
Address:0x7ffee2c38058	successor value:63
Address:0x7ffee2c38058	successor value:63
Address:0x7ffee2c38058	successor value:63
Address:0x7ffee2c38058	successor value:63
Address:0x7ffee2c38058	successor value:63
Address:0x7ffee2c38058	successor value:63
Address:0x7ffee2c380a0	successor value:5
Address:0x7ffee2c380a0	successor value:5

~~~~~~~~~~~~~/update~~~~~~~~
updateThisNodesFingerTable DEBUG:5 63 63 5
using 255 boundary logic
~~~~~~~~~~~~~normindex
remoteRecursiveLookupDEBUG: pred id key 5 63 255
normsucc0 64 key 255 normsucc1 65
normsucc0 65 key 255 normsucc1 67
normsucc0 67 key 255 normsucc1 71
normsucc0 71 key 255 normsucc1 79
normsucc0 79 key 255 normsucc1 95
normsucc0 95 key 255 normsucc1 127
normsucc0 127 key 255 normsucc1 191
part last entry
remoteRecursiveLookupDEBUG: pred id key 63 5 255
2found in this node 5
updateNodeFingerTable for 6 succ found is 5id_ - ( 1 << (i) 255
updateThisNodesFingerTable DEBUG:6 63 63 5
using 255 boundary logic
~~~~~~~~~~~~~normindex
remoteRecursiveLookupDEBUG: pred id key 5 63 191
normsucc0 64 key 191 normsucc1 65
normsucc0 65 key 191 normsucc1 67
normsucc0 67 key 191 normsucc1 71
normsucc0 71 key 191 normsucc1 79
normsucc0 79 key 191 normsucc1 95
normsucc0 95 key 191 normsucc1 127
normsucc0 127 key 191 normsucc1 191
part last entry
remoteRecursiveLookupDEBUG: pred id key 63 5 191
2found in this node 5
updateNodeFingerTable for 7 succ found is 5id_ - ( 1 << (i) 191
updateThisNodesFingerTable DEBUG:7 63 63 5
using 255 boundary logic
~~~~~~~~~~~~~normindex
Finger table of joiner(dest) updated
Finger table print of 63
Address:0x7ffee2c380a0	successor value:5
Address:0x7ffee2c380a0	successor value:5
Address:0x7ffee2c380a0	successor value:5
Address:0x7ffee2c380a0	successor value:5
Address:0x7ffee2c380a0	successor value:5
Address:0x7ffee2c380a0	successor value:5
Address:0x7ffee2c380a0	successor value:5
Address:0x7ffee2c380a0	successor value:5

Finger table of bootstrapper(src) updated
Finger table print of 5
Address:0x7ffee2c38058	successor value:63
Address:0x7ffee2c38058	successor value:63
Address:0x7ffee2c38058	successor value:63
Address:0x7ffee2c38058	successor value:63
Address:0x7ffee2c38058	successor value:63
Address:0x7ffee2c38058	successor value:63
Address:0x7ffee2c380a0	successor value:5
Address:0x7ffee2c380a0	successor value:5

xxxxxxxxxxxxxxxxxxxxxxxxxxxxxTEST7xxxxxxxxxfindxxxxxxxxxxxxxxxxxxxxxxxxxxxxxxxxx
Search request for key=9
remoteRecursiveLookupDEBUG: pred id key 63 5 9
normsucc0 6 key 9 normsucc1 7
normsucc0 7 key 9 normsucc1 9
normsucc0 9 key 9 normsucc1 13
remoteRecursiveLookupDEBUG: pred id key 5 63 9
1found in this node 63
element not found
xxxxxxxxxxxxxxxxxxxxxxxxxxxxxxxxxxxxxxxxxxxxTEST8xxxxxxxxxjoinxxxxxxxxxxxxxxxxxx
remoteRecursiveLookupDEBUG: pred id key 63 5 120
2found in this node 5
DEBUGinit of subsequent node of network 120
remoteRecursiveLookupDEBUG: pred id key 63 5 121
2found in this node 5
returned successor 5
initNodeFingertable normalized succid 260
reusing prev ith value for 1
reusing prev ith value for 2
reusing prev ith value for 3
reusing prev ith value for 4
reusing prev ith value for 5
reusing prev ith value for 6
reusing prev ith value for 7
Updated pred_id to 63
Updated 5 predid to 120
Finger table print of 120
Address:0x7ffee2c380a0	successor value:5
Address:0x7ffee2c380a0	successor value:5
Address:0x7ffee2c380a0	successor value:5
Address:0x7ffee2c380a0	successor value:5
Address:0x7ffee2c380a0	successor value:5
Address:0x7ffee2c380a0	successor value:5
Address:0x7ffee2c380a0	successor value:5
Address:0x7ffee2c380a0	successor value:5

---------------UPDATE STARTED -----------------
remoteRecursiveLookupDEBUG: pred id key 63 120 119
1found in this node 120
updateNodeFingerTable for 0 succ found is 120id_ - ( 1 << (i) 119
updateThisNodesFingerTable DEBUG:0 63 120 5
~~~~~~~~~~~~~normindex
~~~~~~~~~~~~~update~~~~~~~~
Finger table print of 63
Address:0x7ffee2c38000	successor value:120
Address:0x7ffee2c380a0	successor value:5
Address:0x7ffee2c380a0	successor value:5
Address:0x7ffee2c380a0	successor value:5
Address:0x7ffee2c380a0	successor value:5
Address:0x7ffee2c380a0	successor value:5
Address:0x7ffee2c380a0	successor value:5
Address:0x7ffee2c380a0	successor value:5

~~~~~~~~~~~~~/update~~~~~~~~
updateThisNodesFingerTable DEBUG:0 120 120 5
using 255 boundary logic
~~~~~~~~~~~~~normindex
remoteRecursiveLookupDEBUG: pred id key 63 120 118
1found in this node 120
updateNodeFingerTable for 1 succ found is 120id_ - ( 1 << (i) 118
updateThisNodesFingerTable DEBUG:1 63 120 5
~~~~~~~~~~~~~normindex
~~~~~~~~~~~~~update~~~~~~~~
Finger table print of 63
Address:0x7ffee2c38000	successor value:120
Address:0x7ffee2c38000	successor value:120
Address:0x7ffee2c380a0	successor value:5
Address:0x7ffee2c380a0	successor value:5
Address:0x7ffee2c380a0	successor value:5
Address:0x7ffee2c380a0	successor value:5
Address:0x7ffee2c380a0	successor value:5
Address:0x7ffee2c380a0	successor value:5

~~~~~~~~~~~~~/update~~~~~~~~
updateThisNodesFingerTable DEBUG:1 120 120 5
using 255 boundary logic
~~~~~~~~~~~~~normindex
remoteRecursiveLookupDEBUG: pred id key 63 120 116
1found in this node 120
updateNodeFingerTable for 2 succ found is 120id_ - ( 1 << (i) 116
updateThisNodesFingerTable DEBUG:2 63 120 5
~~~~~~~~~~~~~normindex
~~~~~~~~~~~~~update~~~~~~~~
Finger table print of 63
Address:0x7ffee2c38000	successor value:120
Address:0x7ffee2c38000	successor value:120
Address:0x7ffee2c38000	successor value:120
Address:0x7ffee2c380a0	successor value:5
Address:0x7ffee2c380a0	successor value:5
Address:0x7ffee2c380a0	successor value:5
Address:0x7ffee2c380a0	successor value:5
Address:0x7ffee2c380a0	successor value:5

~~~~~~~~~~~~~/update~~~~~~~~
updateThisNodesFingerTable DEBUG:2 120 120 5
using 255 boundary logic
~~~~~~~~~~~~~normindex
remoteRecursiveLookupDEBUG: pred id key 63 120 112
1found in this node 120
updateNodeFingerTable for 3 succ found is 120id_ - ( 1 << (i) 112
updateThisNodesFingerTable DEBUG:3 63 120 5
~~~~~~~~~~~~~normindex
~~~~~~~~~~~~~update~~~~~~~~
Finger table print of 63
Address:0x7ffee2c38000	successor value:120
Address:0x7ffee2c38000	successor value:120
Address:0x7ffee2c38000	successor value:120
Address:0x7ffee2c38000	successor value:120
Address:0x7ffee2c380a0	successor value:5
Address:0x7ffee2c380a0	successor value:5
Address:0x7ffee2c380a0	successor value:5
Address:0x7ffee2c380a0	successor value:5

~~~~~~~~~~~~~/update~~~~~~~~
updateThisNodesFingerTable DEBUG:3 120 120 5
using 255 boundary logic
~~~~~~~~~~~~~normindex
remoteRecursiveLookupDEBUG: pred id key 63 120 104
1found in this node 120
updateNodeFingerTable for 4 succ found is 120id_ - ( 1 << (i) 104
updateThisNodesFingerTable DEBUG:4 63 120 5
~~~~~~~~~~~~~normindex
~~~~~~~~~~~~~update~~~~~~~~
Finger table print of 63
Address:0x7ffee2c38000	successor value:120
Address:0x7ffee2c38000	successor value:120
Address:0x7ffee2c38000	successor value:120
Address:0x7ffee2c38000	successor value:120
Address:0x7ffee2c38000	successor value:120
Address:0x7ffee2c380a0	successor value:5
Address:0x7ffee2c380a0	successor value:5
Address:0x7ffee2c380a0	successor value:5

~~~~~~~~~~~~~/update~~~~~~~~
updateThisNodesFingerTable DEBUG:4 120 120 5
using 255 boundary logic
~~~~~~~~~~~~~normindex
remoteRecursiveLookupDEBUG: pred id key 63 120 88
1found in this node 120
updateNodeFingerTable for 5 succ found is 120id_ - ( 1 << (i) 88
updateThisNodesFingerTable DEBUG:5 63 120 5
~~~~~~~~~~~~~normindex
~~~~~~~~~~~~~update~~~~~~~~
Finger table print of 63
Address:0x7ffee2c38000	successor value:120
Address:0x7ffee2c38000	successor value:120
Address:0x7ffee2c38000	successor value:120
Address:0x7ffee2c38000	successor value:120
Address:0x7ffee2c38000	successor value:120
Address:0x7ffee2c38000	successor value:120
Address:0x7ffee2c380a0	successor value:5
Address:0x7ffee2c380a0	successor value:5

~~~~~~~~~~~~~/update~~~~~~~~
updateThisNodesFingerTable DEBUG:5 120 120 5
using 255 boundary logic
~~~~~~~~~~~~~normindex
remoteRecursiveLookupDEBUG: pred id key 63 120 56
normsucc0 121 key 56 normsucc1 122
normsucc0 122 key 56 normsucc1 124
normsucc0 124 key 56 normsucc1 128
normsucc0 128 key 56 normsucc1 136
normsucc0 136 key 56 normsucc1 152
normsucc0 152 key 56 normsucc1 184
normsucc0 184 key 56 normsucc1 248
part last entry
remoteRecursiveLookupDEBUG: pred id key 120 5 56
normsucc0 6 key 56 normsucc1 7
normsucc0 7 key 56 normsucc1 9
normsucc0 9 key 56 normsucc1 13
normsucc0 13 key 56 normsucc1 21
normsucc0 21 key 56 normsucc1 37
normsucc0 37 key 56 normsucc1 69
remoteRecursiveLookupDEBUG: pred id key 5 63 56
1found in this node 63
updateNodeFingerTable for 6 succ found is 63id_ - ( 1 << (i) 56
updateThisNodesFingerTable DEBUG:6 5 120 5
~~~~~~~~~~~~~normindex
~~~~~~~~~~~~~update~~~~~~~~
Finger table print of 5
Address:0x7ffee2c38058	successor value:63
Address:0x7ffee2c38058	successor value:63
Address:0x7ffee2c38058	successor value:63
Address:0x7ffee2c38058	successor value:63
Address:0x7ffee2c38058	successor value:63
Address:0x7ffee2c38058	successor value:63
Address:0x7ffee2c38000	successor value:120
Address:0x7ffee2c380a0	successor value:5

~~~~~~~~~~~~~/update~~~~~~~~
updateThisNodesFingerTable DEBUG:6 120 120 5
using 255 boundary logic
~~~~~~~~~~~~~normindex
remoteRecursiveLookupDEBUG: pred id key 63 120 248
normsucc0 121 key 248 normsucc1 122
normsucc0 122 key 248 normsucc1 124
normsucc0 124 key 248 normsucc1 128
normsucc0 128 key 248 normsucc1 136
normsucc0 136 key 248 normsucc1 152
normsucc0 152 key 248 normsucc1 184
normsucc0 184 key 248 normsucc1 248
part last entry
remoteRecursiveLookupDEBUG: pred id key 120 5 248
2found in this node 5
updateNodeFingerTable for 7 succ found is 5id_ - ( 1 << (i) 248
updateThisNodesFingerTable DEBUG:7 120 120 5
using 255 boundary logic
~~~~~~~~~~~~~normindex
Finger table of joiner(dest) updated
Finger table print of 120
Address:0x7ffee2c380a0	successor value:5
Address:0x7ffee2c380a0	successor value:5
Address:0x7ffee2c380a0	successor value:5
Address:0x7ffee2c380a0	successor value:5
Address:0x7ffee2c380a0	successor value:5
Address:0x7ffee2c380a0	successor value:5
Address:0x7ffee2c380a0	successor value:5
Address:0x7ffee2c380a0	successor value:5

Finger table of bootstrapper(src) updated
Finger table print of 5
Address:0x7ffee2c38058	successor value:63
Address:0x7ffee2c38058	successor value:63
Address:0x7ffee2c38058	successor value:63
Address:0x7ffee2c38058	successor value:63
Address:0x7ffee2c38058	successor value:63
Address:0x7ffee2c38058	successor value:63
Address:0x7ffee2c38000	successor value:120
Address:0x7ffee2c380a0	successor value:5

xxxxxxxxxxxxxxxxxxxxxxxxxxxxxTEST9xxxxxxxxxinsertxxxxxxxxxxxxxxxxxxxxxxxxxxxxxxx
remoteRecursiveLookupDEBUG: pred id key 120 5 2
2found in this node 5
(Key, value)=(2,2) inserted at Node id = 5
xxxxxxxxxxxxxxxxxxxxxxxxxxxxxxxxxxxxxxxxxxxxTEST10xxxxxxxxxjoinxxxxxxxxxxxxxxxxx
remoteRecursiveLookupDEBUG: pred id key 5 63 41
1found in this node 63
DEBUGinit of subsequent node of network 41
remoteRecursiveLookupDEBUG: pred id key 5 63 42
1found in this node 63
returned successor 63
reusing prev ith value for 1
reusing prev ith value for 2
reusing prev ith value for 3
reusing prev ith value for 4
DEBUG:else part: prev i entry outdated 0x7ffee2c38058
remoteRecursiveLookupDEBUG: pred id key 5 63 73
normsucc0 64 key 73 normsucc1 65
normsucc0 65 key 73 normsucc1 67
normsucc0 67 key 73 normsucc1 71
normsucc0 71 key 73 normsucc1 79
remoteRecursiveLookupDEBUG: pred id key 63 120 73
1found in this node 120
DEBUG:else part: prev i entry outdated 0x7ffee2c38058
remoteRecursiveLookupDEBUG: pred id key 5 63 105
normsucc0 64 key 105 normsucc1 65
normsucc0 65 key 105 normsucc1 67
normsucc0 67 key 105 normsucc1 71
normsucc0 71 key 105 normsucc1 79
normsucc0 79 key 105 normsucc1 95
normsucc0 95 key 105 normsucc1 127
remoteRecursiveLookupDEBUG: pred id key 63 120 105
1found in this node 120
DEBUG:else part: prev i entry outdated 0x7ffee2c38058
remoteRecursiveLookupDEBUG: pred id key 5 63 169
normsucc0 64 key 169 normsucc1 65
normsucc0 65 key 169 normsucc1 67
normsucc0 67 key 169 normsucc1 71
normsucc0 71 key 169 normsucc1 79
normsucc0 79 key 169 normsucc1 95
normsucc0 95 key 169 normsucc1 127
normsucc0 127 key 169 normsucc1 191
remoteRecursiveLookupDEBUG: pred id key 120 5 169
2found in this node 5
Updated pred_id to 5
Updated 63 predid to 41
Finger table print of 41
Address:0x7ffee2c38058	successor value:63
Address:0x7ffee2c38058	successor value:63
Address:0x7ffee2c38058	successor value:63
Address:0x7ffee2c38058	successor value:63
Address:0x7ffee2c38058	successor value:63
Address:0x7ffee2c38000	successor value:120
Address:0x7ffee2c38000	successor value:120
Address:0x7ffee2c380a0	successor value:5

---------------UPDATE STARTED -----------------
remoteRecursiveLookupDEBUG: pred id key 5 41 40
1found in this node 41
updateNodeFingerTable for 0 succ found is 41id_ - ( 1 << (i) 40
updateThisNodesFingerTable DEBUG:0 5 41 63
~~~~~~~~~~~~~update~~~~~~~~
Finger table print of 5
Address:0x7ffee2c37fb8	successor value:41
Address:0x7ffee2c38058	successor value:63
Address:0x7ffee2c38058	successor value:63
Address:0x7ffee2c38058	successor value:63
Address:0x7ffee2c38058	successor value:63
Address:0x7ffee2c38058	successor value:63
Address:0x7ffee2c38000	successor value:120
Address:0x7ffee2c380a0	successor value:5

~~~~~~~~~~~~~/update~~~~~~~~
updateThisNodesFingerTable DEBUG:0 41 41 63
using 255 boundary logic
remoteRecursiveLookupDEBUG: pred id key 5 41 39
1found in this node 41
updateNodeFingerTable for 1 succ found is 41id_ - ( 1 << (i) 39
updateThisNodesFingerTable DEBUG:1 5 41 63
~~~~~~~~~~~~~update~~~~~~~~
Finger table print of 5
Address:0x7ffee2c37fb8	successor value:41
Address:0x7ffee2c37fb8	successor value:41
Address:0x7ffee2c38058	successor value:63
Address:0x7ffee2c38058	successor value:63
Address:0x7ffee2c38058	successor value:63
Address:0x7ffee2c38058	successor value:63
Address:0x7ffee2c38000	successor value:120
Address:0x7ffee2c380a0	successor value:5

~~~~~~~~~~~~~/update~~~~~~~~
updateThisNodesFingerTable DEBUG:1 41 41 63
using 255 boundary logic
remoteRecursiveLookupDEBUG: pred id key 5 41 37
1found in this node 41
updateNodeFingerTable for 2 succ found is 41id_ - ( 1 << (i) 37
updateThisNodesFingerTable DEBUG:2 5 41 63
~~~~~~~~~~~~~update~~~~~~~~
Finger table print of 5
Address:0x7ffee2c37fb8	successor value:41
Address:0x7ffee2c37fb8	successor value:41
Address:0x7ffee2c37fb8	successor value:41
Address:0x7ffee2c38058	successor value:63
Address:0x7ffee2c38058	successor value:63
Address:0x7ffee2c38058	successor value:63
Address:0x7ffee2c38000	successor value:120
Address:0x7ffee2c380a0	successor value:5

~~~~~~~~~~~~~/update~~~~~~~~
updateThisNodesFingerTable DEBUG:2 41 41 63
using 255 boundary logic
remoteRecursiveLookupDEBUG: pred id key 5 41 33
1found in this node 41
updateNodeFingerTable for 3 succ found is 41id_ - ( 1 << (i) 33
updateThisNodesFingerTable DEBUG:3 5 41 63
~~~~~~~~~~~~~update~~~~~~~~
Finger table print of 5
Address:0x7ffee2c37fb8	successor value:41
Address:0x7ffee2c37fb8	successor value:41
Address:0x7ffee2c37fb8	successor value:41
Address:0x7ffee2c37fb8	successor value:41
Address:0x7ffee2c38058	successor value:63
Address:0x7ffee2c38058	successor value:63
Address:0x7ffee2c38000	successor value:120
Address:0x7ffee2c380a0	successor value:5

~~~~~~~~~~~~~/update~~~~~~~~
updateThisNodesFingerTable DEBUG:3 41 41 63
using 255 boundary logic
remoteRecursiveLookupDEBUG: pred id key 5 41 25
1found in this node 41
updateNodeFingerTable for 4 succ found is 41id_ - ( 1 << (i) 25
updateThisNodesFingerTable DEBUG:4 5 41 63
~~~~~~~~~~~~~update~~~~~~~~
Finger table print of 5
Address:0x7ffee2c37fb8	successor value:41
Address:0x7ffee2c37fb8	successor value:41
Address:0x7ffee2c37fb8	successor value:41
Address:0x7ffee2c37fb8	successor value:41
Address:0x7ffee2c37fb8	successor value:41
Address:0x7ffee2c38058	successor value:63
Address:0x7ffee2c38000	successor value:120
Address:0x7ffee2c380a0	successor value:5

~~~~~~~~~~~~~/update~~~~~~~~
updateThisNodesFingerTable DEBUG:4 41 41 63
using 255 boundary logic
remoteRecursiveLookupDEBUG: pred id key 5 41 9
1found in this node 41
updateNodeFingerTable for 5 succ found is 41id_ - ( 1 << (i) 9
updateThisNodesFingerTable DEBUG:5 5 41 63
~~~~~~~~~~~~~update~~~~~~~~
Finger table print of 5
Address:0x7ffee2c37fb8	successor value:41
Address:0x7ffee2c37fb8	successor value:41
Address:0x7ffee2c37fb8	successor value:41
Address:0x7ffee2c37fb8	successor value:41
Address:0x7ffee2c37fb8	successor value:41
Address:0x7ffee2c37fb8	successor value:41
Address:0x7ffee2c38000	successor value:120
Address:0x7ffee2c380a0	successor value:5

~~~~~~~~~~~~~/update~~~~~~~~
updateThisNodesFingerTable DEBUG:5 41 41 120
using 255 boundary logic
remoteRecursiveLookupDEBUG: pred id key 5 41 233
normsucc0 42 key 233 normsucc1 43
normsucc0 43 key 233 normsucc1 45
normsucc0 45 key 233 normsucc1 49
normsucc0 49 key 233 normsucc1 57
normsucc0 57 key 233 normsucc1 73
normsucc0 73 key 233 normsucc1 105
normsucc0 105 key 233 normsucc1 169
part last entry
remoteRecursiveLookupDEBUG: pred id key 120 5 233
2found in this node 5
updateNodeFingerTable for 6 succ found is 5id_ - ( 1 << (i) 233
updateThisNodesFingerTable DEBUG:6 120 41 5
using 255 boundary logic
~~~~~~~~~~~~~normindex
remoteRecursiveLookupDEBUG: pred id key 5 41 169
normsucc0 42 key 169 normsucc1 43
normsucc0 43 key 169 normsucc1 45
normsucc0 45 key 169 normsucc1 49
normsucc0 49 key 169 normsucc1 57
normsucc0 57 key 169 normsucc1 73
normsucc0 73 key 169 normsucc1 105
normsucc0 105 key 169 normsucc1 169
part last entry
remoteRecursiveLookupDEBUG: pred id key 120 5 169
2found in this node 5
updateNodeFingerTable for 7 succ found is 5id_ - ( 1 << (i) 169
updateThisNodesFingerTable DEBUG:7 120 41 5
using 255 boundary logic
~~~~~~~~~~~~~normindex
Finger table of joiner(dest) updated
Finger table print of 41
Address:0x7ffee2c38058	successor value:63
Address:0x7ffee2c38058	successor value:63
Address:0x7ffee2c38058	successor value:63
Address:0x7ffee2c38058	successor value:63
Address:0x7ffee2c38058	successor value:63
Address:0x7ffee2c38000	successor value:120
Address:0x7ffee2c38000	successor value:120
Address:0x7ffee2c380a0	successor value:5

Finger table of bootstrapper(src) updated
Finger table print of 63
Address:0x7ffee2c38000	successor value:120
Address:0x7ffee2c38000	successor value:120
Address:0x7ffee2c38000	successor value:120
Address:0x7ffee2c38000	successor value:120
Address:0x7ffee2c38000	successor value:120
Address:0x7ffee2c38000	successor value:120
Address:0x7ffee2c380a0	successor value:5
Address:0x7ffee2c380a0	successor value:5

xxxxxxxxxxxxxxxxxxxxxxxxxxxxxTEST11xxxxxxxxxinsertxxxxxxxxxxxxxxxxxxxxxxxxxxxxxx
remoteRecursiveLookupDEBUG: pred id key 120 5 9
normsucc0 6 key 9 normsucc1 7
normsucc0 7 key 9 normsucc1 9
normsucc0 9 key 9 normsucc1 13
remoteRecursiveLookupDEBUG: pred id key 5 41 9
1found in this node 41
(Key, value)=(9,9) inserted at Node id = 41
xxxxxxxxxxxxxxxxxxxxxxxxxxxxxxxxxxxxxxxxxxxxTEST12xxxxxxxxxjoinxxxxxxxxxxxxxxxxx
remoteRecursiveLookupDEBUG: pred id key 120 5 83
normsucc0 6 key 83 normsucc1 7
normsucc0 7 key 83 normsucc1 9
normsucc0 9 key 83 normsucc1 13
normsucc0 13 key 83 normsucc1 21
normsucc0 21 key 83 normsucc1 37
normsucc0 37 key 83 normsucc1 69
normsucc0 69 key 83 normsucc1 133
remoteRecursiveLookupDEBUG: pred id key 63 120 83
1found in this node 120
DEBUGinit of subsequent node of network 83
remoteRecursiveLookupDEBUG: pred id key 63 120 84
1found in this node 120
returned successor 120
reusing prev ith value for 1
reusing prev ith value for 2
reusing prev ith value for 3
reusing prev ith value for 4
reusing prev ith value for 5
DEBUG:else part: prev i entry outdated 0x7ffee2c38000
remoteRecursiveLookupDEBUG: pred id key 63 120 147
normsucc0 121 key 147 normsucc1 122
normsucc0 122 key 147 normsucc1 124
normsucc0 124 key 147 normsucc1 128
normsucc0 128 key 147 normsucc1 136
normsucc0 136 key 147 normsucc1 152
remoteRecursiveLookupDEBUG: pred id key 120 5 147
2found in this node 5
DEBUG:else part: prev i entry outdated 0x7ffee2c38000
remoteRecursiveLookupDEBUG: pred id key 63 120 211
normsucc0 121 key 211 normsucc1 122
normsucc0 122 key 211 normsucc1 124
normsucc0 124 key 211 normsucc1 128
normsucc0 128 key 211 normsucc1 136
normsucc0 136 key 211 normsucc1 152
normsucc0 152 key 211 normsucc1 184
normsucc0 184 key 211 normsucc1 248
remoteRecursiveLookupDEBUG: pred id key 120 5 211
2found in this node 5
Updated pred_id to 63
Updated 120 predid to 83
Finger table print of 83
Address:0x7ffee2c38000	successor value:120
Address:0x7ffee2c38000	successor value:120
Address:0x7ffee2c38000	successor value:120
Address:0x7ffee2c38000	successor value:120
Address:0x7ffee2c38000	successor value:120
Address:0x7ffee2c38000	successor value:120
Address:0x7ffee2c380a0	successor value:5
Address:0x7ffee2c380a0	successor value:5

---------------UPDATE STARTED -----------------
remoteRecursiveLookupDEBUG: pred id key 63 83 82
1found in this node 83
updateNodeFingerTable for 0 succ found is 83id_ - ( 1 << (i) 82
updateThisNodesFingerTable DEBUG:0 63 83 120
~~~~~~~~~~~~~update~~~~~~~~
Finger table print of 63
Address:0x7ffee2c37f70	successor value:83
Address:0x7ffee2c38000	successor value:120
Address:0x7ffee2c38000	successor value:120
Address:0x7ffee2c38000	successor value:120
Address:0x7ffee2c38000	successor value:120
Address:0x7ffee2c38000	successor value:120
Address:0x7ffee2c380a0	successor value:5
Address:0x7ffee2c380a0	successor value:5

~~~~~~~~~~~~~/update~~~~~~~~
updateThisNodesFingerTable DEBUG:0 83 83 120
using 255 boundary logic
remoteRecursiveLookupDEBUG: pred id key 63 83 81
1found in this node 83
updateNodeFingerTable for 1 succ found is 83id_ - ( 1 << (i) 81
updateThisNodesFingerTable DEBUG:1 63 83 120
~~~~~~~~~~~~~update~~~~~~~~
Finger table print of 63
Address:0x7ffee2c37f70	successor value:83
Address:0x7ffee2c37f70	successor value:83
Address:0x7ffee2c38000	successor value:120
Address:0x7ffee2c38000	successor value:120
Address:0x7ffee2c38000	successor value:120
Address:0x7ffee2c38000	successor value:120
Address:0x7ffee2c380a0	successor value:5
Address:0x7ffee2c380a0	successor value:5

~~~~~~~~~~~~~/update~~~~~~~~
updateThisNodesFingerTable DEBUG:1 83 83 120
using 255 boundary logic
remoteRecursiveLookupDEBUG: pred id key 63 83 79
1found in this node 83
updateNodeFingerTable for 2 succ found is 83id_ - ( 1 << (i) 79
updateThisNodesFingerTable DEBUG:2 63 83 120
~~~~~~~~~~~~~update~~~~~~~~
Finger table print of 63
Address:0x7ffee2c37f70	successor value:83
Address:0x7ffee2c37f70	successor value:83
Address:0x7ffee2c37f70	successor value:83
Address:0x7ffee2c38000	successor value:120
Address:0x7ffee2c38000	successor value:120
Address:0x7ffee2c38000	successor value:120
Address:0x7ffee2c380a0	successor value:5
Address:0x7ffee2c380a0	successor value:5

~~~~~~~~~~~~~/update~~~~~~~~
updateThisNodesFingerTable DEBUG:2 83 83 120
using 255 boundary logic
remoteRecursiveLookupDEBUG: pred id key 63 83 75
1found in this node 83
updateNodeFingerTable for 3 succ found is 83id_ - ( 1 << (i) 75
updateThisNodesFingerTable DEBUG:3 63 83 120
~~~~~~~~~~~~~update~~~~~~~~
Finger table print of 63
Address:0x7ffee2c37f70	successor value:83
Address:0x7ffee2c37f70	successor value:83
Address:0x7ffee2c37f70	successor value:83
Address:0x7ffee2c37f70	successor value:83
Address:0x7ffee2c38000	successor value:120
Address:0x7ffee2c38000	successor value:120
Address:0x7ffee2c380a0	successor value:5
Address:0x7ffee2c380a0	successor value:5

~~~~~~~~~~~~~/update~~~~~~~~
updateThisNodesFingerTable DEBUG:3 83 83 120
using 255 boundary logic
remoteRecursiveLookupDEBUG: pred id key 63 83 67
1found in this node 83
updateNodeFingerTable for 4 succ found is 83id_ - ( 1 << (i) 67
updateThisNodesFingerTable DEBUG:4 63 83 120
~~~~~~~~~~~~~update~~~~~~~~
Finger table print of 63
Address:0x7ffee2c37f70	successor value:83
Address:0x7ffee2c37f70	successor value:83
Address:0x7ffee2c37f70	successor value:83
Address:0x7ffee2c37f70	successor value:83
Address:0x7ffee2c37f70	successor value:83
Address:0x7ffee2c38000	successor value:120
Address:0x7ffee2c380a0	successor value:5
Address:0x7ffee2c380a0	successor value:5

~~~~~~~~~~~~~/update~~~~~~~~
updateThisNodesFingerTable DEBUG:4 83 83 120
using 255 boundary logic
remoteRecursiveLookupDEBUG: pred id key 63 83 51
normsucc0 84 key 51 normsucc1 85
normsucc0 85 key 51 normsucc1 87
normsucc0 87 key 51 normsucc1 91
normsucc0 91 key 51 normsucc1 99
normsucc0 99 key 51 normsucc1 115
normsucc0 115 key 51 normsucc1 147
normsucc0 147 key 51 normsucc1 211
part last entry
remoteRecursiveLookupDEBUG: pred id key 120 5 51
normsucc0 6 key 51 normsucc1 7
normsucc0 7 key 51 normsucc1 9
normsucc0 9 key 51 normsucc1 13
normsucc0 13 key 51 normsucc1 21
normsucc0 21 key 51 normsucc1 37
normsucc0 37 key 51 normsucc1 69
remoteRecursiveLookupDEBUG: pred id key 5 41 51
normsucc0 42 key 51 normsucc1 43
normsucc0 43 key 51 normsucc1 45
normsucc0 45 key 51 normsucc1 49
normsucc0 49 key 51 normsucc1 57
remoteRecursiveLookupDEBUG: pred id key 41 63 51
1found in this node 63
updateNodeFingerTable for 5 succ found is 63id_ - ( 1 << (i) 51
updateThisNodesFingerTable DEBUG:5 41 83 120
~~~~~~~~~~~~~update~~~~~~~~
Finger table print of 41
Address:0x7ffee2c38058	successor value:63
Address:0x7ffee2c38058	successor value:63
Address:0x7ffee2c38058	successor value:63
Address:0x7ffee2c38058	successor value:63
Address:0x7ffee2c38058	successor value:63
Address:0x7ffee2c37f70	successor value:83
Address:0x7ffee2c38000	successor value:120
Address:0x7ffee2c380a0	successor value:5

~~~~~~~~~~~~~/update~~~~~~~~
updateThisNodesFingerTable DEBUG:5 83 83 120
using 255 boundary logic
remoteRecursiveLookupDEBUG: pred id key 63 83 19
normsucc0 84 key 19 normsucc1 85
normsucc0 85 key 19 normsucc1 87
normsucc0 87 key 19 normsucc1 91
normsucc0 91 key 19 normsucc1 99
normsucc0 99 key 19 normsucc1 115
normsucc0 115 key 19 normsucc1 147
normsucc0 147 key 19 normsucc1 211
part last entry
remoteRecursiveLookupDEBUG: pred id key 120 5 19
normsucc0 6 key 19 normsucc1 7
normsucc0 7 key 19 normsucc1 9
normsucc0 9 key 19 normsucc1 13
normsucc0 13 key 19 normsucc1 21
remoteRecursiveLookupDEBUG: pred id key 5 41 19
1found in this node 41
updateNodeFingerTable for 6 succ found is 41id_ - ( 1 << (i) 19
updateThisNodesFingerTable DEBUG:6 5 83 120
~~~~~~~~~~~~~update~~~~~~~~
Finger table print of 5
Address:0x7ffee2c37fb8	successor value:41
Address:0x7ffee2c37fb8	successor value:41
Address:0x7ffee2c37fb8	successor value:41
Address:0x7ffee2c37fb8	successor value:41
Address:0x7ffee2c37fb8	successor value:41
Address:0x7ffee2c37fb8	successor value:41
Address:0x7ffee2c37f70	successor value:83
Address:0x7ffee2c380a0	successor value:5

~~~~~~~~~~~~~/update~~~~~~~~
updateThisNodesFingerTable DEBUG:6 83 83 5
using 255 boundary logic
~~~~~~~~~~~~~normindex
remoteRecursiveLookupDEBUG: pred id key 63 83 211
normsucc0 84 key 211 normsucc1 85
normsucc0 85 key 211 normsucc1 87
normsucc0 87 key 211 normsucc1 91
normsucc0 91 key 211 normsucc1 99
normsucc0 99 key 211 normsucc1 115
normsucc0 115 key 211 normsucc1 147
normsucc0 147 key 211 normsucc1 211
part last entry
remoteRecursiveLookupDEBUG: pred id key 120 5 211
2found in this node 5
updateNodeFingerTable for 7 succ found is 5id_ - ( 1 << (i) 211
updateThisNodesFingerTable DEBUG:7 120 83 5
using 255 boundary logic
~~~~~~~~~~~~~normindex
Finger table of joiner(dest) updated
Finger table print of 83
Address:0x7ffee2c38000	successor value:120
Address:0x7ffee2c38000	successor value:120
Address:0x7ffee2c38000	successor value:120
Address:0x7ffee2c38000	successor value:120
Address:0x7ffee2c38000	successor value:120
Address:0x7ffee2c38000	successor value:120
Address:0x7ffee2c380a0	successor value:5
Address:0x7ffee2c380a0	successor value:5

Finger table of bootstrapper(src) updated
Finger table print of 5
Address:0x7ffee2c37fb8	successor value:41
Address:0x7ffee2c37fb8	successor value:41
Address:0x7ffee2c37fb8	successor value:41
Address:0x7ffee2c37fb8	successor value:41
Address:0x7ffee2c37fb8	successor value:41
Address:0x7ffee2c37fb8	successor value:41
Address:0x7ffee2c37f70	successor value:83
Address:0x7ffee2c380a0	successor value:5

xxxxxxxxxxxxxxxxxxxxxxxxxxxxxxxxxxxxxxxxxxxxTEST13xxxxxxxxxjoinxxxxxxxxxxxxxxxxx
remoteRecursiveLookupDEBUG: pred id key 83 120 253
normsucc0 121 key 253 normsucc1 122
normsucc0 122 key 253 normsucc1 124
normsucc0 124 key 253 normsucc1 128
normsucc0 128 key 253 normsucc1 136
normsucc0 136 key 253 normsucc1 152
normsucc0 152 key 253 normsucc1 184
normsucc0 184 key 253 normsucc1 248
part last entry
remoteRecursiveLookupDEBUG: pred id key 120 5 253
2found in this node 5
DEBUGinit of subsequent node of network 253
remoteRecursiveLookupDEBUG: pred id key 120 5 254
2found in this node 5
returned successor 5
initNodeFingertable normalized succid 260
reusing prev ith value for 1
initNodeFingertable normalized normchordjump 256
reusing prev ith value for 2
initNodeFingertable normalized normchordjump 260
reusing prev ith value for 3
initNodeFingertable normalized normchordjump 268
DEBUG:else part: prev i entry outdated 0x7ffee2c380a0
remoteRecursiveLookupDEBUG: pred id key 120 5 13
normsucc0 6 key 13 normsucc1 7
normsucc0 7 key 13 normsucc1 9
normsucc0 9 key 13 normsucc1 13
normsucc0 13 key 13 normsucc1 21
remoteRecursiveLookupDEBUG: pred id key 5 41 13
1found in this node 41
initNodeFingertable normalized normchordjump 284
DEBUG:else part: prev i entry outdated 0x7ffee2c380a0
remoteRecursiveLookupDEBUG: pred id key 120 5 29
normsucc0 6 key 29 normsucc1 7
normsucc0 7 key 29 normsucc1 9
normsucc0 9 key 29 normsucc1 13
normsucc0 13 key 29 normsucc1 21
normsucc0 21 key 29 normsucc1 37
remoteRecursiveLookupDEBUG: pred id key 5 41 29
1found in this node 41
initNodeFingertable normalized normchordjump 316
DEBUG:else part: prev i entry outdated 0x7ffee2c380a0
remoteRecursiveLookupDEBUG: pred id key 120 5 61
normsucc0 6 key 61 normsucc1 7
normsucc0 7 key 61 normsucc1 9
normsucc0 9 key 61 normsucc1 13
normsucc0 13 key 61 normsucc1 21
normsucc0 21 key 61 normsucc1 37
normsucc0 37 key 61 normsucc1 69
remoteRecursiveLookupDEBUG: pred id key 5 41 61
normsucc0 42 key 61 normsucc1 43
normsucc0 43 key 61 normsucc1 45
normsucc0 45 key 61 normsucc1 49
normsucc0 49 key 61 normsucc1 57
normsucc0 57 key 61 normsucc1 73
remoteRecursiveLookupDEBUG: pred id key 41 63 61
1found in this node 63
initNodeFingertable normalized normchordjump 380
DEBUG:else part: prev i entry outdated 0x7ffee2c380a0
remoteRecursiveLookupDEBUG: pred id key 120 5 125
2found in this node 5
Updated pred_id to 120
Updated 5 predid to 253
Finger table print of 253
Address:0x7ffee2c380a0	successor value:5
Address:0x7ffee2c380a0	successor value:5
Address:0x7ffee2c380a0	successor value:5
Address:0x7ffee2c380a0	successor value:5
Address:0x7ffee2c37fb8	successor value:41
Address:0x7ffee2c37fb8	successor value:41
Address:0x7ffee2c38058	successor value:63
Address:0x7ffee2c380a0	successor value:5

---------------UPDATE STARTED -----------------
remoteRecursiveLookupDEBUG: pred id key 120 253 252
1found in this node 253
updateNodeFingerTable for 0 succ found is 253id_ - ( 1 << (i) 252
updateThisNodesFingerTable DEBUG:0 120 253 5
~~~~~~~~~~~~~normindex
remoteRecursiveLookupDEBUG: pred id key 120 253 251
1found in this node 253
updateNodeFingerTable for 1 succ found is 253id_ - ( 1 << (i) 251
updateThisNodesFingerTable DEBUG:1 120 253 5
~~~~~~~~~~~~~normindex
remoteRecursiveLookupDEBUG: pred id key 120 253 249
1found in this node 253
updateNodeFingerTable for 2 succ found is 253id_ - ( 1 << (i) 249
updateThisNodesFingerTable DEBUG:2 120 253 5
~~~~~~~~~~~~~normindex
remoteRecursiveLookupDEBUG: pred id key 120 253 245
1found in this node 253
updateNodeFingerTable for 3 succ found is 253id_ - ( 1 << (i) 245
updateThisNodesFingerTable DEBUG:3 120 253 5
~~~~~~~~~~~~~normindex
remoteRecursiveLookupDEBUG: pred id key 120 253 237
1found in this node 253
updateNodeFingerTable for 4 succ found is 253id_ - ( 1 << (i) 237
updateThisNodesFingerTable DEBUG:4 120 253 5
~~~~~~~~~~~~~normindex
remoteRecursiveLookupDEBUG: pred id key 120 253 221
1found in this node 253
updateNodeFingerTable for 5 succ found is 253id_ - ( 1 << (i) 221
updateThisNodesFingerTable DEBUG:5 120 253 5
~~~~~~~~~~~~~normindex
remoteRecursiveLookupDEBUG: pred id key 120 253 189
1found in this node 253
updateNodeFingerTable for 6 succ found is 253id_ - ( 1 << (i) 189
updateThisNodesFingerTable DEBUG:6 120 253 5
~~~~~~~~~~~~~normindex
remoteRecursiveLookupDEBUG: pred id key 120 253 125
1found in this node 253
updateNodeFingerTable for 7 succ found is 253id_ - ( 1 << (i) 125
updateThisNodesFingerTable DEBUG:7 120 253 5
~~~~~~~~~~~~~normindex
Finger table of joiner(dest) updated
Finger table print of 253
Address:0x7ffee2c380a0	successor value:5
Address:0x7ffee2c380a0	successor value:5
Address:0x7ffee2c380a0	successor value:5
Address:0x7ffee2c380a0	successor value:5
Address:0x7ffee2c37fb8	successor value:41
Address:0x7ffee2c37fb8	successor value:41
Address:0x7ffee2c38058	successor value:63
Address:0x7ffee2c380a0	successor value:5

Finger table of bootstrapper(src) updated
Finger table print of 120
Address:0x7ffee2c380a0	successor value:5
Address:0x7ffee2c380a0	successor value:5
Address:0x7ffee2c380a0	successor value:5
Address:0x7ffee2c380a0	successor value:5
Address:0x7ffee2c380a0	successor value:5
Address:0x7ffee2c380a0	successor value:5
Address:0x7ffee2c380a0	successor value:5
Address:0x7ffee2c380a0	successor value:5

xxxxxxxxxxxxxxxxxxxxxxxxxxxxxxxxxxxxxxxxxxxxTEST14xxxxxxxxxfindxxxxxxxxxxxxxxxxx
Search request for key=71
remoteRecursiveLookupDEBUG: pred id key 120 253 71
normsucc0 254 key 71 normsucc1 255
normsucc0 255 key 71 normsucc1 1
normsucc0 1 key 71 normsucc1 5
normsucc0 5 key 71 normsucc1 13
normsucc0 13 key 71 normsucc1 29
normsucc0 29 key 71 normsucc1 61
normsucc0 61 key 71 normsucc1 125
remoteRecursiveLookupDEBUG: pred id key 41 63 71
normsucc0 64 key 71 normsucc1 65
normsucc0 65 key 71 normsucc1 67
normsucc0 67 key 71 normsucc1 71
normsucc0 71 key 71 normsucc1 79
remoteRecursiveLookupDEBUG: pred id key 63 83 71
1found in this node 83
element not found
xxxxxxxxxxxxxxxxxxxxxxxxxxxxxxxxxxxxxxxxxxxTEST15xxxxxxxxxfindxxxxxxxxxxxxxxxxxx
Search request for key=84
remoteRecursiveLookupDEBUG: pred id key 120 253 84
normsucc0 254 key 84 normsucc1 255
normsucc0 255 key 84 normsucc1 1
normsucc0 1 key 84 normsucc1 5
normsucc0 5 key 84 normsucc1 13
normsucc0 13 key 84 normsucc1 29
normsucc0 29 key 84 normsucc1 61
normsucc0 61 key 84 normsucc1 125
remoteRecursiveLookupDEBUG: pred id key 41 63 84
normsucc0 64 key 84 normsucc1 65
normsucc0 65 key 84 normsucc1 67
normsucc0 67 key 84 normsucc1 71
normsucc0 71 key 84 normsucc1 79
normsucc0 79 key 84 normsucc1 95
remoteRecursiveLookupDEBUG: pred id key 63 83 84
normsucc0 84 key 84 normsucc1 85
remoteRecursiveLookupDEBUG: pred id key 83 120 84
1found in this node 120
element not found
